Using pre-set license
Built from '2020.3/staging' branch; Version is '2020.3.28f1 (f5400f52e03f) revision 16072719'; Using compiler version '192528614'; Build Type 'Release'
OS: 'Windows 11  (10.0.22631) 64bit Core' Language: 'en' Physical Memory: 16220 MB
BatchMode: 1, IsHumanControllingUs: 0, StartBugReporterOnCrash: 0, Is64bit: 1, IsPro: 0

COMMAND LINE ARGUMENTS:
C:\Program Files\Unity\Hub\Editor\2020.3.28f1\Editor\Unity.exe
-adb2
-batchMode
-noUpm
-name
AssetImportWorker0
-projectPath
C:/Users/arssm/OneDrive/Documents/GitHub/SUITS_Project/SUITS_Project
-logFile
Logs/AssetImportWorker0.log
-srvPort
51084
Successfully changed project path to: C:/Users/arssm/OneDrive/Documents/GitHub/SUITS_Project/SUITS_Project
C:/Users/arssm/OneDrive/Documents/GitHub/SUITS_Project/SUITS_Project
Using Asset Import Pipeline V2.
Refreshing native plugins compatible for Editor in 68.23 ms, found 11 plugins.
Preloading 0 native plugins for Editor in 0.00 ms.
Initialize engine version: 2020.3.28f1 (f5400f52e03f)
[Subsystems] Discovering subsystems at path C:/Program Files/Unity/Hub/Editor/2020.3.28f1/Editor/Data/Resources/UnitySubsystems
[Subsystems] Discovering subsystems at path C:/Users/arssm/OneDrive/Documents/GitHub/SUITS_Project/SUITS_Project/Assets
GfxDevice: creating device client; threaded=0
Direct3D:
    Version:  Direct3D 11.0 [level 11.1]
    Renderer: AMD Radeon RX 6650 XT (ID=0x73ef)
    Vendor:   
    VRAM:     8147 MB
    Driver:   31.0.24033.1003
Initialize mono
Mono path[0] = 'C:/Program Files/Unity/Hub/Editor/2020.3.28f1/Editor/Data/Managed'
Mono path[1] = 'C:/Program Files/Unity/Hub/Editor/2020.3.28f1/Editor/Data/MonoBleedingEdge/lib/mono/unityjit'
Mono config path = 'C:/Program Files/Unity/Hub/Editor/2020.3.28f1/Editor/Data/MonoBleedingEdge/etc'
Using monoOptions --debugger-agent=transport=dt_socket,embedding=1,server=y,suspend=n,address=127.0.0.1:56808
Begin MonoManager ReloadAssembly
Registering precompiled unity dll's ...
Register platform support module: C:/Program Files/Unity/Hub/Editor/2020.3.28f1/Editor/Data/PlaybackEngines/WindowsStandaloneSupport/UnityEditor.WindowsStandalone.Extensions.dll
Registered in 0.001197 seconds.
Native extension for WindowsStandalone target not found
Refreshing native plugins compatible for Editor in 55.19 ms, found 11 plugins.
Preloading 0 native plugins for Editor in 0.00 ms.
Mono: successfully reloaded assembly
- Completed reload, in  0.495 seconds
Domain Reload Profiling:
	ReloadAssembly (495ms)
		BeginReloadAssembly (55ms)
			ExecutionOrderSort (0ms)
			DisableScriptedObjects (0ms)
			BackupInstance (0ms)
			ReleaseScriptingObjects (0ms)
			CreateAndSetChildDomain (1ms)
		EndReloadAssembly (383ms)
			LoadAssemblies (54ms)
			RebuildTransferFunctionScriptingTraits (0ms)
			SetupTypeCache (110ms)
			ReleaseScriptCaches (0ms)
			RebuildScriptCaches (20ms)
			SetupLoadedEditorAssemblies (163ms)
				LogAssemblyErrors (0ms)
				InitializePlatformSupportModulesInManaged (4ms)
				SetLoadedEditorAssemblies (0ms)
				RefreshPlugins (55ms)
				BeforeProcessingInitializeOnLoad (9ms)
				ProcessInitializeOnLoadAttributes (69ms)
				ProcessInitializeOnLoadMethodAttributes (25ms)
				AfterProcessingInitializeOnLoad (0ms)
				EditorAssembliesLoaded (0ms)
			ExecutionOrderSort2 (0ms)
			AwakeInstancesAfterBackupRestoration (0ms)
Platform modules already initialized, skipping
Registering precompiled user dll's ...
Registered in 0.007381 seconds.
Begin MonoManager ReloadAssembly
Native extension for WindowsStandalone target not found
Refreshing native plugins compatible for Editor in 68.35 ms, found 11 plugins.
Preloading 0 native plugins for Editor in 0.00 ms.
[XR] [MROpenXR][Info   ][18:28:05.428185][tid:3f24] MeshProvider_RegisterLifecycleProvider
[XR] [MROpenXR][Info   ][18:28:05.428281][tid:3f24] InputProvider_RegisterLifecycleProvider
[XR] Error loading subsystem: Display (1) (header mismatch?)
[XR] [MROpenXR][Info   ][18:28:05.429758][tid:3f24] OnPluginStarted UnityVersion=2020.3.28f1 OpenXRPluginVersion=1.4.2 MROpenXRPluginVersion=1.5.0.0 PartA_PrivTags=33554432
Mono: successfully reloaded assembly
- Completed reload, in  1.816 seconds
Domain Reload Profiling:
	ReloadAssembly (1817ms)
		BeginReloadAssembly (111ms)
			ExecutionOrderSort (0ms)
			DisableScriptedObjects (3ms)
			BackupInstance (0ms)
			ReleaseScriptingObjects (0ms)
			CreateAndSetChildDomain (14ms)
		EndReloadAssembly (1654ms)
			LoadAssemblies (103ms)
			RebuildTransferFunctionScriptingTraits (0ms)
			SetupTypeCache (263ms)
			ReleaseScriptCaches (0ms)
			RebuildScriptCaches (48ms)
			SetupLoadedEditorAssemblies (1149ms)
				LogAssemblyErrors (0ms)
				InitializePlatformSupportModulesInManaged (4ms)
				SetLoadedEditorAssemblies (0ms)
				RefreshPlugins (68ms)
				BeforeProcessingInitializeOnLoad (95ms)
				ProcessInitializeOnLoadAttributes (945ms)
				ProcessInitializeOnLoadMethodAttributes (33ms)
				AfterProcessingInitializeOnLoad (4ms)
				EditorAssembliesLoaded (0ms)
			ExecutionOrderSort2 (0ms)
			AwakeInstancesAfterBackupRestoration (5ms)
Platform modules already initialized, skipping
========================================================================
Worker process is ready to serve import requests
Launched and connected shader compiler UnityShaderCompiler.exe after 0.05 seconds
Refreshing native plugins compatible for Editor in 0.81 ms, found 11 plugins.
Preloading 0 native plugins for Editor in 0.00 ms.
Unloading 3592 Unused Serialized files (Serialized files now loaded: 0)
System memory in use before: 137.1 MB.
System memory in use after: 137.3 MB.

Unloading 41 unused Assets to reduce memory usage. Loaded Objects now: 4039.
Total: 3.076400 ms (FindLiveObjects: 0.310100 ms CreateObjectMapping: 0.157000 ms MarkObjects: 2.525300 ms  DeleteObjects: 0.082600 ms)

AssetImportParameters requested are different than current active one (requested -> active):
  custom:framework-win-MediaFoundation: 216162199b28c13a410421893ffa2e32 -> 
  custom:video-decoder-ogg-theora: a1e56fd34408186e4bbccfd4996cb3dc -> 
  custom:container-muxer-webm: aa71ff27fc2769a1b78a27578f13a17b -> 
  custom:container-demuxer-webm: 4f35f7cbe854078d1ac9338744f61a02 -> 
  custom:container-demuxer-ogg: 62fdf1f143b41e24485cea50d1cbac27 -> 
  custom:video-encoder-webm-vp8: eb34c28f22e8b96e1ab97ce403110664 -> 
  custom:video-codec-MediaFoundation-h265: 746d11721c4dcdbdad8f713fa42b33f4 -> 
  custom:video-decoder-webm-vp8: 9c59270c3fd7afecdb556c50c9e8de78 -> 
  custom:audio-decoder-ogg-vorbis: bf7c407c2cedff20999df2af8eb42d56 -> 
  custom:audio-encoder-webm-vorbis: bf7c407c2cedff20999df2af8eb42d56 -> 
========================================================================
Received Import Request.
  path: Packages/com.microsoft.mixedreality.toolkit.examples/Common/Prefabs/Piano.prefab
  artifactKey: Guid(ffbe4bef620a0a542bb77fe2f765c905) Importer(815301076,1909f56bfc062723c751e8b465ee728b)
Start importing Packages/com.microsoft.mixedreality.toolkit.examples/Common/Prefabs/Piano.prefab using Guid(ffbe4bef620a0a542bb77fe2f765c905) Importer(815301076,1909f56bfc062723c751e8b465ee728b)  -> (artifact id: 'c4cef90ec2f99971ac2833bd3c4c008c') in 0.283158 seconds 
  Import took 0.287563 seconds .

========================================================================
Received Import Request.
  Time since last request: 0.000180 seconds.
  path: Packages/com.microsoft.mixedreality.toolkit.examples/Common/Prefabs/HandMenu_Large_WorldLock_On_GrabAndPull.prefab
  artifactKey: Guid(f514427e4d7588143a828462e0fc1321) Importer(815301076,1909f56bfc062723c751e8b465ee728b)
Start importing Packages/com.microsoft.mixedreality.toolkit.examples/Common/Prefabs/HandMenu_Large_WorldLock_On_GrabAndPull.prefab using Guid(f514427e4d7588143a828462e0fc1321) Importer(815301076,1909f56bfc062723c751e8b465ee728b)  -> (artifact id: '5896260566d094f90b026348a24c644a') in 0.590805 seconds 
  Import took 0.596243 seconds .

========================================================================
Received Import Request.
  Time since last request: 0.000191 seconds.
  path: Packages/com.microsoft.mixedreality.toolkit.examples/Common/Prefabs/HandMenu_Large_AutoWorldLock_On_HandDrop.prefab
  artifactKey: Guid(2b76ccb8a4504484e939444d20d98d95) Importer(815301076,1909f56bfc062723c751e8b465ee728b)
Start importing Packages/com.microsoft.mixedreality.toolkit.examples/Common/Prefabs/HandMenu_Large_AutoWorldLock_On_HandDrop.prefab using Guid(2b76ccb8a4504484e939444d20d98d95) Importer(815301076,1909f56bfc062723c751e8b465ee728b)  -> (artifact id: '0e9731cddd8e0f28f2bf7fafe18b5c2e') in 0.066494 seconds 
  Import took 0.073403 seconds .

========================================================================
Received Import Request.
  Time since last request: 0.000202 seconds.
  path: Packages/com.microsoft.mixedreality.toolkit.examples/Common/Prefabs/PianoKey.prefab
  artifactKey: Guid(f47f1e79863e27c46904308902d30551) Importer(815301076,1909f56bfc062723c751e8b465ee728b)
Start importing Packages/com.microsoft.mixedreality.toolkit.examples/Common/Prefabs/PianoKey.prefab using Guid(f47f1e79863e27c46904308902d30551) Importer(815301076,1909f56bfc062723c751e8b465ee728b)  -> (artifact id: '7d846f142ff7f1995d7718b0a78befda') in 0.022164 seconds 
  Import took 0.027418 seconds .

========================================================================
Received Import Request.
  Time since last request: 0.000213 seconds.
  path: Packages/com.microsoft.mixedreality.toolkit.examples/Common/Prefabs/HandMenu_Slider.prefab
  artifactKey: Guid(a7556dea0ca1e4442ade81ef1da5028b) Importer(815301076,1909f56bfc062723c751e8b465ee728b)
Start importing Packages/com.microsoft.mixedreality.toolkit.examples/Common/Prefabs/HandMenu_Slider.prefab using Guid(a7556dea0ca1e4442ade81ef1da5028b) Importer(815301076,1909f56bfc062723c751e8b465ee728b)  -> (artifact id: '2d38ad3461068ecdd1b216dcce761c34') in 0.019832 seconds 
  Import took 0.025511 seconds .

========================================================================
Received Import Request.
  Time since last request: 0.000183 seconds.
  path: Packages/com.microsoft.mixedreality.toolkit.examples/Common/Prefabs/TestCanvas.prefab
  artifactKey: Guid(655521c3560b40f40b75cd30857eae84) Importer(815301076,1909f56bfc062723c751e8b465ee728b)
Start importing Packages/com.microsoft.mixedreality.toolkit.examples/Common/Prefabs/TestCanvas.prefab using Guid(655521c3560b40f40b75cd30857eae84) Importer(815301076,1909f56bfc062723c751e8b465ee728b)  -> (artifact id: 'f43cb2b4850c1071349f986bb2be8755') in 0.061320 seconds 
  Import took 0.066842 seconds .

========================================================================
Received Import Request.
  Time since last request: 0.000224 seconds.
  path: Packages/com.microsoft.mixedreality.toolkit.examples/Common/Prefabs/HandMenu_Medium_HideOnHandDrop.prefab
  artifactKey: Guid(8e490a62f12a9764a84b31db73256d39) Importer(815301076,1909f56bfc062723c751e8b465ee728b)
Start importing Packages/com.microsoft.mixedreality.toolkit.examples/Common/Prefabs/HandMenu_Medium_HideOnHandDrop.prefab using Guid(8e490a62f12a9764a84b31db73256d39) Importer(815301076,1909f56bfc062723c751e8b465ee728b)  -> (artifact id: 'a278ae50b961b39cd6a496e709f58ac5') in 0.043848 seconds 
  Import took 0.049671 seconds .

========================================================================
Received Import Request.
  Time since last request: 0.000205 seconds.
  path: Packages/com.microsoft.mixedreality.toolkit.examples/Common/Prefabs/PianoBlackKey.prefab
  artifactKey: Guid(6c9893c878a0faf439830c1d014e9e4e) Importer(815301076,1909f56bfc062723c751e8b465ee728b)
Start importing Packages/com.microsoft.mixedreality.toolkit.examples/Common/Prefabs/PianoBlackKey.prefab using Guid(6c9893c878a0faf439830c1d014e9e4e) Importer(815301076,1909f56bfc062723c751e8b465ee728b)  -> (artifact id: '1e9c2b88de33008880786a0dfd5316b4') in 0.019924 seconds 
  Import took 0.025380 seconds .

========================================================================
Received Import Request.
  Time since last request: 0.000223 seconds.
  path: Packages/com.microsoft.mixedreality.toolkit.examples/Common/Prefabs/Help_Panel_Viewer.prefab
  artifactKey: Guid(af7def2dd5079e044b0e1cf4a927cfc8) Importer(815301076,1909f56bfc062723c751e8b465ee728b)
Start importing Packages/com.microsoft.mixedreality.toolkit.examples/Common/Prefabs/Help_Panel_Viewer.prefab using Guid(af7def2dd5079e044b0e1cf4a927cfc8) Importer(815301076,1909f56bfc062723c751e8b465ee728b)  -> (artifact id: '66b128758bca0ae16f77f81816345d71') in 0.013588 seconds 
  Import took 0.018175 seconds .

========================================================================
Received Import Request.
  Time since last request: 0.000221 seconds.
  path: Packages/com.microsoft.mixedreality.toolkit.examples/Common/Prefabs/CoffeeCup.prefab
  artifactKey: Guid(d12fcfca48d5bea4885b7957a82235f8) Importer(815301076,1909f56bfc062723c751e8b465ee728b)
Start importing Packages/com.microsoft.mixedreality.toolkit.examples/Common/Prefabs/CoffeeCup.prefab using Guid(d12fcfca48d5bea4885b7957a82235f8) Importer(815301076,1909f56bfc062723c751e8b465ee728b)  -> (artifact id: '3c19c78f1988269f5e32a38a7661f766') in 0.057455 seconds 
  Import took 0.061987 seconds .

========================================================================
Received Import Request.
  Time since last request: 0.000191 seconds.
  path: Packages/com.microsoft.mixedreality.toolkit.examples/Common/Prefabs/HandMenu_Small_HideOnHandDrop.prefab
  artifactKey: Guid(184450d7fd18e3742b0612f6901efe5e) Importer(815301076,1909f56bfc062723c751e8b465ee728b)
Start importing Packages/com.microsoft.mixedreality.toolkit.examples/Common/Prefabs/HandMenu_Small_HideOnHandDrop.prefab using Guid(184450d7fd18e3742b0612f6901efe5e) Importer(815301076,1909f56bfc062723c751e8b465ee728b)  -> (artifact id: 'ae229cb4dce745911acecc96eaea24f7') in 0.037426 seconds 
  Import took 0.043520 seconds .

========================================================================
Received Import Request.
  Time since last request: 0.000213 seconds.
  path: Packages/com.microsoft.mixedreality.toolkit.examples/Common/Prefabs/FingerChaser.prefab
  artifactKey: Guid(9e3b415b3451d3841a17e33255808fdd) Importer(815301076,1909f56bfc062723c751e8b465ee728b)
Start importing Packages/com.microsoft.mixedreality.toolkit.examples/Common/Prefabs/FingerChaser.prefab using Guid(9e3b415b3451d3841a17e33255808fdd) Importer(815301076,1909f56bfc062723c751e8b465ee728b)  -> (artifact id: '16a6ced25665a1e64040fe443e4d0661') in 0.016637 seconds 
  Import took 0.020909 seconds .

========================================================================
Received Import Request.
  Time since last request: 0.000180 seconds.
  path: Packages/com.microsoft.mixedreality.toolkit.examples/Common/Prefabs/PressableRoundButton.prefab
  artifactKey: Guid(aef27e91ffd80b8419fddd2e0229cb75) Importer(815301076,1909f56bfc062723c751e8b465ee728b)
Start importing Packages/com.microsoft.mixedreality.toolkit.examples/Common/Prefabs/PressableRoundButton.prefab using Guid(aef27e91ffd80b8419fddd2e0229cb75) Importer(815301076,1909f56bfc062723c751e8b465ee728b)  -> (artifact id: 'de7bd6118a9f826564e77771af7fde72') in 0.133054 seconds 
  Import took 0.139109 seconds .

========================================================================
Received Import Request.
  Time since last request: 120.956657 seconds.
  path: Assets/MixedRealityToolkit.Generated/CustomProfiles/New MixedRealityToolkitConfigurationProfile.asset
  artifactKey: Guid(e9ce781c30d805946802fef9a27c9005) Importer(815301076,1909f56bfc062723c751e8b465ee728b)
Start importing Assets/MixedRealityToolkit.Generated/CustomProfiles/New MixedRealityToolkitConfigurationProfile.asset using Guid(e9ce781c30d805946802fef9a27c9005) Importer(815301076,1909f56bfc062723c751e8b465ee728b)  -> (artifact id: '744843f427cb2a5eb820dc2aa179fc8b') in 0.181539 seconds 
  Import took 0.189387 seconds .

========================================================================
Received Import Request.
  Time since last request: 21.409880 seconds.
  path: Assets/MixedRealityToolkit.Generated
  artifactKey: Guid(9259c48d0f7bb4d44b7b0d2e9e31dc78) Importer(815301076,1909f56bfc062723c751e8b465ee728b)
Start importing Assets/MixedRealityToolkit.Generated using Guid(9259c48d0f7bb4d44b7b0d2e9e31dc78) Importer(815301076,1909f56bfc062723c751e8b465ee728b)  -> (artifact id: '6810a1545c4a745129f99a177dfb44bb') in 0.011603 seconds 
  Import took 0.016893 seconds .

========================================================================
Received Import Request.
  Time since last request: 0.048958 seconds.
  path: Assets/MixedRealityToolkit.Generated/ProjectPreferences.asset
  artifactKey: Guid(6e91acff6386b2f4f966ea9e480a7161) Importer(815301076,1909f56bfc062723c751e8b465ee728b)
Start importing Assets/MixedRealityToolkit.Generated/ProjectPreferences.asset using Guid(6e91acff6386b2f4f966ea9e480a7161) Importer(815301076,1909f56bfc062723c751e8b465ee728b)  -> (artifact id: '842d1ed9b78028ad66f5606c12c0e647') in 0.015143 seconds 
  Import took 0.022271 seconds .

========================================================================
Received Import Request.
  Time since last request: 1.098351 seconds.
  path: Assets/MixedRealityToolkit.Generated/CustomProfiles
  artifactKey: Guid(1dd9bda9572e4ee4ea47364828961116) Importer(815301076,1909f56bfc062723c751e8b465ee728b)
Start importing Assets/MixedRealityToolkit.Generated/CustomProfiles using Guid(1dd9bda9572e4ee4ea47364828961116) Importer(815301076,1909f56bfc062723c751e8b465ee728b)  -> (artifact id: '7bc5c1c3eef3949b10cd8acf27ec2f2a') in 0.011244 seconds 
  Import took 0.016326 seconds .

========================================================================
Received Import Request.
  Time since last request: 7.474288 seconds.
  path: Packages/com.microsoft.mixedreality.toolkit.examples
  artifactKey: Guid(287574668d62f19424fa6a7b2d8b3187) Importer(815301076,1909f56bfc062723c751e8b465ee728b)
Start importing Packages/com.microsoft.mixedreality.toolkit.examples using Guid(287574668d62f19424fa6a7b2d8b3187) Importer(815301076,1909f56bfc062723c751e8b465ee728b)  -> (artifact id: 'ce8e95931dd21530dd3922fad65a5020') in 0.011536 seconds 
  Import took 0.016279 seconds .

========================================================================
Received Import Request.
  Time since last request: 7.726912 seconds.
  path: Packages/com.microsoft.mixedreality.toolkit.examples/Common
  artifactKey: Guid(99de592199e4eff4d8cbd6b035e94107) Importer(815301076,1909f56bfc062723c751e8b465ee728b)
Start importing Packages/com.microsoft.mixedreality.toolkit.examples/Common using Guid(99de592199e4eff4d8cbd6b035e94107) Importer(815301076,1909f56bfc062723c751e8b465ee728b)  -> (artifact id: '4faaa4b63361577968ce15e0f69df854') in 0.009936 seconds 
  Import took 0.015050 seconds .

========================================================================
Received Import Request.
  Time since last request: 1.054280 seconds.
  path: Packages/com.microsoft.mixedreality.toolkit.examples/Common/Prefabs
  artifactKey: Guid(3ecfff3c6df40a1469875f88d091a8ca) Importer(815301076,1909f56bfc062723c751e8b465ee728b)
Start importing Packages/com.microsoft.mixedreality.toolkit.examples/Common/Prefabs using Guid(3ecfff3c6df40a1469875f88d091a8ca) Importer(815301076,1909f56bfc062723c751e8b465ee728b)  -> (artifact id: '51a058cf42e2d98b922b18f0e986e483') in 0.014072 seconds 
  Import took 0.018920 seconds .

========================================================================
Received Prepare
Registering precompiled user dll's ...
Registered in 0.012178 seconds.
Begin MonoManager ReloadAssembly
Native extension for WindowsStandalone target not found
Refreshing native plugins compatible for Editor in 0.85 ms, found 11 plugins.
Preloading 0 native plugins for Editor in 0.00 ms.
Mono: successfully reloaded assembly
- Completed reload, in  1.566 seconds
Domain Reload Profiling:
	ReloadAssembly (1566ms)
		BeginReloadAssembly (113ms)
			ExecutionOrderSort (0ms)
			DisableScriptedObjects (3ms)
			BackupInstance (0ms)
			ReleaseScriptingObjects (0ms)
			CreateAndSetChildDomain (39ms)
		EndReloadAssembly (1396ms)
			LoadAssemblies (103ms)
			RebuildTransferFunctionScriptingTraits (0ms)
			SetupTypeCache (279ms)
			ReleaseScriptCaches (1ms)
			RebuildScriptCaches (31ms)
			SetupLoadedEditorAssemblies (873ms)
				LogAssemblyErrors (0ms)
				InitializePlatformSupportModulesInManaged (3ms)
				SetLoadedEditorAssemblies (0ms)
				RefreshPlugins (1ms)
				BeforeProcessingInitializeOnLoad (97ms)
				ProcessInitializeOnLoadAttributes (754ms)
				ProcessInitializeOnLoadMethodAttributes (13ms)
				AfterProcessingInitializeOnLoad (4ms)
				EditorAssembliesLoaded (1ms)
			ExecutionOrderSort2 (0ms)
			AwakeInstancesAfterBackupRestoration (8ms)
Platform modules already initialized, skipping
Switching build target platform(19) subTarget(0) extendedPlatform(0) -> platform(21) subTarget(3) extendedPlatform(0)
Refreshing native plugins compatible for Editor in 0.90 ms, found 11 plugins.
Preloading 0 native plugins for Editor in 0.00 ms.
Unloading 3605 Unused Serialized files (Serialized files now loaded: 0)
System memory in use before: 142.5 MB.
System memory in use after: 142.0 MB.

Unloading 56 unused Assets to reduce memory usage. Loaded Objects now: 4093.
Total: 3.020900 ms (FindLiveObjects: 0.230000 ms CreateObjectMapping: 0.252700 ms MarkObjects: 2.275900 ms  DeleteObjects: 0.261300 ms)

AssetImportParameters requested are different than current active one (requested -> active):
  custom:framework-win-MediaFoundation: 216162199b28c13a410421893ffa2e32 -> 
  custom:video-decoder-ogg-theora: a1e56fd34408186e4bbccfd4996cb3dc -> 
  custom:container-muxer-webm: aa71ff27fc2769a1b78a27578f13a17b -> 
  custom:container-demuxer-webm: 4f35f7cbe854078d1ac9338744f61a02 -> 
  custom:container-demuxer-ogg: 62fdf1f143b41e24485cea50d1cbac27 -> 
  custom:video-encoder-webm-vp8: eb34c28f22e8b96e1ab97ce403110664 -> 
  custom:video-codec-MediaFoundation-h265: 746d11721c4dcdbdad8f713fa42b33f4 -> 
  custom:video-decoder-webm-vp8: 9c59270c3fd7afecdb556c50c9e8de78 -> 
  custom:audio-decoder-ogg-vorbis: bf7c407c2cedff20999df2af8eb42d56 -> 
  custom:audio-encoder-webm-vorbis: bf7c407c2cedff20999df2af8eb42d56 -> 
AssetImportWorkerClient::OnTransportError - code=2 error=End of file
